\BOOKMARK [1][-]{section.1}{Introduction}{}% 1
\BOOKMARK [2][-]{subsection.1.1}{Quark Gluon Plasma}{section.1}% 2
\BOOKMARK [3][-]{subsubsection.1.1.1}{Fundamental particles}{subsection.1.1}% 3
\BOOKMARK [3][-]{subsubsection.1.1.2}{Color confinement}{subsection.1.1}% 4
\BOOKMARK [3][-]{subsubsection.1.1.3}{QCD phase diagram}{subsection.1.1}% 5
\BOOKMARK [3][-]{subsubsection.1.1.4}{QGP in cosmology}{subsection.1.1}% 6
\BOOKMARK [3][-]{subsubsection.1.1.5}{QGP in heavy ion collision}{subsection.1.1}% 7
\BOOKMARK [2][-]{subsection.1.2}{Kinematics of HI collisions}{section.1}% 8
\BOOKMARK [3][-]{subsubsection.1.2.1}{Lorentz transformation}{subsection.1.2}% 9
\BOOKMARK [3][-]{subsubsection.1.2.2}{Rapidity variable}{subsection.1.2}% 10
\BOOKMARK [3][-]{subsubsection.1.2.3}{Pseudorapidity variable}{subsection.1.2}% 11
\BOOKMARK [3][-]{subsubsection.1.2.4}{Invariant distribution}{subsection.1.2}% 12
\BOOKMARK [3][-]{subsubsection.1.2.5}{Luminosity}{subsection.1.2}% 13
\BOOKMARK [3][-]{subsubsection.1.2.6}{Collision geometry}{subsection.1.2}% 14
\BOOKMARK [3][-]{subsubsection.1.2.7}{Centrality}{subsection.1.2}% 15
\BOOKMARK [2][-]{subsection.1.3}{Examples of QGP probes}{section.1}% 16
\BOOKMARK [3][-]{subsubsection.1.3.1}{Strangeness production}{subsection.1.3}% 17
\BOOKMARK [3][-]{subsubsection.1.3.2}{Elliptic flow}{subsection.1.3}% 18
\BOOKMARK [3][-]{subsubsection.1.3.3}{Jet quenching}{subsection.1.3}% 19
\BOOKMARK [3][-]{subsubsection.1.3.4}{Fluctuations of conserved quantities}{subsection.1.3}% 20
\BOOKMARK [3][-]{subsubsection.1.3.5}{Hanbury Brown and Twist \(HBT\)}{subsection.1.3}% 21
\BOOKMARK [2][-]{subsection.1.4}{Motivation of this dissertation}{section.1}% 22
\BOOKMARK [3][-]{subsubsection.1.4.1}{Measurements in the transverse plane}{subsection.1.4}% 23
\BOOKMARK [3][-]{subsubsection.1.4.2}{Measurements in the longitudinal direction}{subsection.1.4}% 24
\BOOKMARK [2][-]{subsection.1.5}{Outline of this dissertation}{section.1}% 25
\BOOKMARK [1][-]{section.2}{The ATLAS detector and data taking}{}% 26
\BOOKMARK [2][-]{subsection.2.1}{The Large Hadron Collider}{section.2}% 27
\BOOKMARK [2][-]{subsection.2.2}{The ATLAS detector}{section.2}% 28
\BOOKMARK [3][-]{subsubsection.2.2.1}{Inner Detector}{subsection.2.2}% 29
\BOOKMARK [3][-]{subsubsection.2.2.2}{Forward Calorimeter}{subsection.2.2}% 30
\BOOKMARK [3][-]{subsubsection.2.2.3}{Zero Degree Calorimeter}{subsection.2.2}% 31
\BOOKMARK [3][-]{subsubsection.2.2.4}{Minimum-Bias Trigger Scintillators}{subsection.2.2}% 32
\BOOKMARK [2][-]{subsection.2.3}{Data acquisition and selection}{section.2}% 33
\BOOKMARK [3][-]{subsubsection.2.3.1}{Pb+Pb at sNN=5.02 TeV}{subsection.2.3}% 34
\BOOKMARK [3][-]{subsubsection.2.3.2}{Xe+Xe at sNN=5.44 TeV}{subsection.2.3}% 35
\BOOKMARK [3][-]{subsubsection.2.3.3}{p+Pb at s=5.02 TeV}{subsection.2.3}% 36
\BOOKMARK [3][-]{subsubsection.2.3.4}{pp at s=13 TeV}{subsection.2.3}% 37
\BOOKMARK [1][-]{section.3}{Forward-Backward Multiplicity Correlations}{}% 38
\BOOKMARK [2][-]{subsection.3.1}{Introduction}{section.3}% 39
\BOOKMARK [3][-]{subsubsection.3.1.1}{Forward-backward multiplicity correlations}{subsection.3.1}% 40
\BOOKMARK [3][-]{subsubsection.3.1.2}{Previous studies and their limitations}{subsection.3.1}% 41
\BOOKMARK [2][-]{subsection.3.2}{Methodology}{section.3}% 42
\BOOKMARK [3][-]{subsubsection.3.2.1}{Observables}{subsection.3.2}% 43
\BOOKMARK [3][-]{subsubsection.3.2.2}{Removal of short-range correlation}{subsection.3.2}% 44
\BOOKMARK [3][-]{subsubsection.3.2.3}{Other independent observables}{subsection.3.2}% 45
\BOOKMARK [2][-]{subsection.3.3}{Results}{section.3}% 46
\BOOKMARK [3][-]{subsubsection.3.3.1}{HIJING and AMPT models}{subsection.3.3}% 47
\BOOKMARK [3][-]{subsubsection.3.3.2}{ATLAS data}{subsection.3.3}% 48
\BOOKMARK [2][-]{subsection.3.4}{Summary and discussion}{section.3}% 49
\BOOKMARK [2][-]{subsection.3.5}{Outlook}{section.3}% 50
\BOOKMARK [3][-]{subsubsection.3.5.1}{Generalization of the observable}{subsection.3.5}% 51
\BOOKMARK [3][-]{subsubsection.3.5.2}{Projections in Run 3 and Run 4}{subsection.3.5}% 52
\BOOKMARK [1][-]{section.4}{Subevent Cumulant in Small Systems}{}% 53
\BOOKMARK [2][-]{subsection.4.1}{Introduction}{section.4}% 54
\BOOKMARK [3][-]{subsubsection.4.1.1}{Collective flow}{subsection.4.1}% 55
\BOOKMARK [3][-]{subsubsection.4.1.2}{Flow fluctuation}{subsection.4.1}% 56
\BOOKMARK [2][-]{subsection.4.2}{Standard cumulant method}{section.4}% 57
\BOOKMARK [3][-]{subsubsection.4.2.1}{Basic ideas}{subsection.4.2}% 58
\BOOKMARK [3][-]{subsubsection.4.2.2}{Limitations}{subsection.4.2}% 59
\BOOKMARK [2][-]{subsection.4.3}{Subevent cumulant method}{section.4}% 60
\BOOKMARK [3][-]{subsubsection.4.3.1}{Basic ideas}{subsection.4.3}% 61
\BOOKMARK [3][-]{subsubsection.4.3.2}{Methodology}{subsection.4.3}% 62
\BOOKMARK [2][-]{subsection.4.4}{Results}{section.4}% 63
\BOOKMARK [3][-]{subsubsection.4.4.1}{PYTHIA model}{subsection.4.4}% 64
\BOOKMARK [3][-]{subsubsection.4.4.2}{ATLAS data}{subsection.4.4}% 65
\BOOKMARK [2][-]{subsection.4.5}{Summary and discussion}{section.4}% 66
\BOOKMARK [2][-]{subsection.4.6}{Outlook}{section.4}% 67
\BOOKMARK [3][-]{subsubsection.4.6.1}{Potential improvements}{subsection.4.6}% 68
\BOOKMARK [3][-]{subsubsection.4.6.2}{Triangular flow}{subsection.4.6}% 69
\BOOKMARK [3][-]{subsubsection.4.6.3}{Correlation between flow harmonics}{subsection.4.6}% 70
\BOOKMARK [3][-]{subsubsection.4.6.4}{Flow decorrelation}{subsection.4.6}% 71
\BOOKMARK [1][-]{section.5}{Flow and Centrality Fluctuation in Large Systems}{}% 72
\BOOKMARK [2][-]{subsection.5.1}{Introduction}{section.5}% 73
\BOOKMARK [3][-]{subsubsection.5.1.1}{Flow fluctuation and cumulant}{subsection.5.1}% 74
\BOOKMARK [3][-]{subsubsection.5.1.2}{A puzzle}{subsection.5.1}% 75
\BOOKMARK [2][-]{subsection.5.2}{Centrality fluctuation}{section.5}% 76
\BOOKMARK [3][-]{subsubsection.5.2.1}{Origin}{subsection.5.2}% 77
\BOOKMARK [3][-]{subsubsection.5.2.2}{Influences on other measurements}{subsection.5.2}% 78
\BOOKMARK [2][-]{subsection.5.3}{Methodology}{section.5}% 79
\BOOKMARK [3][-]{subsubsection.5.3.1}{Glauber model}{subsection.5.3}% 80
\BOOKMARK [3][-]{subsubsection.5.3.2}{ATLAS data}{subsection.5.3}% 81
\BOOKMARK [3][-]{subsubsection.5.3.3}{Observable}{subsection.5.3}% 82
\BOOKMARK [2][-]{subsection.5.4}{Results}{section.5}% 83
\BOOKMARK [3][-]{subsubsection.5.4.1}{Glauber model}{subsection.5.4}% 84
\BOOKMARK [3][-]{subsubsection.5.4.2}{ATLAS data}{subsection.5.4}% 85
\BOOKMARK [2][-]{subsection.5.5}{Summary and discussion}{section.5}% 86
\BOOKMARK [3][-]{subsubsection.5.5.1}{Flow fluctuation}{subsection.5.5}% 87
\BOOKMARK [3][-]{subsubsection.5.5.2}{Centrality fluctuation}{subsection.5.5}% 88
\BOOKMARK [2][-]{subsection.5.6}{Outlook}{section.5}% 89
\BOOKMARK [3][-]{subsubsection.5.6.1}{Smaller collision system: Xe+Xe}{subsection.5.6}% 90
\BOOKMARK [3][-]{subsubsection.5.6.2}{More realistic models}{subsection.5.6}% 91
\BOOKMARK [1][-]{section.6}{Summary}{}% 92
\BOOKMARK [1][-]{section.7}{Appendix}{}% 93
\BOOKMARK [2][-]{subsection.7.1}{Methodology for cumulant analysis}{section.7}% 94
\BOOKMARK [3][-]{subsubsection.7.1.1}{2-, 4- and 6-particle correlation corrn\1732k\175}{subsection.7.1}% 95
\BOOKMARK [3][-]{subsubsection.7.1.2}{2-, 4- and 6-particle cumulant cn\1732k\175}{subsection.7.1}% 96
\BOOKMARK [3][-]{subsubsection.7.1.3}{2-, 4- and 6-particle flow signal vn\1732k\175}{subsection.7.1}% 97
\BOOKMARK [3][-]{subsubsection.7.1.4}{Normalized cumulant ncn\1732k\175}{subsection.7.1}% 98
\BOOKMARK [3][-]{subsubsection.7.1.5}{Universality check of flow fluctuation models}{subsection.7.1}% 99
\BOOKMARK [3][-]{subsubsection.7.1.6}{Symmetric cumulant scn,m\1734\175 and nscn,m\1734\175}{subsection.7.1}% 100
\BOOKMARK [3][-]{subsubsection.7.1.7}{Asymmetric cumulant acn,n+m\1733\175 and nacn,n+m\1733\175}{subsection.7.1}% 101
\BOOKMARK [2][-]{subsection.7.2}{Systematic uncertainties}{section.7}% 102
\BOOKMARK [3][-]{subsubsection.7.2.1}{Trigger selection}{subsection.7.2}% 103
\BOOKMARK [3][-]{subsubsection.7.2.2}{Pileup rejection}{subsection.7.2}% 104
\BOOKMARK [3][-]{subsubsection.7.2.3}{Centrality definition}{subsection.7.2}% 105
\BOOKMARK [3][-]{subsubsection.7.2.4}{Monte-Carlo closure}{subsection.7.2}% 106
\BOOKMARK [3][-]{subsubsection.7.2.5}{Flattening}{subsection.7.2}% 107
\BOOKMARK [3][-]{subsubsection.7.2.6}{Track selection}{subsection.7.2}% 108
\BOOKMARK [3][-]{subsubsection.7.2.7}{Tracking efficiency}{subsection.7.2}% 109
\BOOKMARK [3][-]{subsubsection.7.2.8}{Summary}{subsection.7.2}% 110
